
  .   ____          _            __ _ _
 /\\ / ___'_ __ _ _(_)_ __  __ _ \ \ \ \
( ( )\___ | '_ | '_| | '_ \/ _` | \ \ \ \
 \\/  ___)| |_)| | | | | || (_| |  ) ) ) )
  '  |____| .__|_| |_|_| |_\__, | / / / /
 =========|_|==============|___/=/_/_/_/

 :: Spring Boot ::                (v3.5.7)

2025-11-11T01:13:09.517-03:00  INFO 8464 --- [ProyectoReservaDeVehiculos] [           main] .P.ProyectoReservaDeVehiculosApplication : Starting ProyectoReservaDeVehiculosApplication v0.0.1-SNAPSHOT using Java 24 with PID 8464 (C:\Users\dell2\Escritorio\Sistema-De-Gestion-de-Reserva-de-Vehiculos\target\ProyectoReservaDeVehiculos-0.0.1-SNAPSHOT.jar started by Usuario in C:\Users\dell2\Escritorio\Sistema-De-Gestion-de-Reserva-de-Vehiculos)
2025-11-11T01:13:09.527-03:00  INFO 8464 --- [ProyectoReservaDeVehiculos] [           main] .P.ProyectoReservaDeVehiculosApplication : No active profile set, falling back to 1 default profile: "default"
2025-11-11T01:13:12.892-03:00  INFO 8464 --- [ProyectoReservaDeVehiculos] [           main] o.s.b.w.embedded.tomcat.TomcatWebServer  : Tomcat initialized with port 8090 (http)
2025-11-11T01:13:12.926-03:00  INFO 8464 --- [ProyectoReservaDeVehiculos] [           main] o.apache.catalina.core.StandardService   : Starting service [Tomcat]
2025-11-11T01:13:12.927-03:00  INFO 8464 --- [ProyectoReservaDeVehiculos] [           main] o.apache.catalina.core.StandardEngine    : Starting Servlet engine: [Apache Tomcat/10.1.48]
2025-11-11T01:13:13.007-03:00  INFO 8464 --- [ProyectoReservaDeVehiculos] [           main] o.a.c.c.C.[Tomcat].[localhost].[/]       : Initializing Spring embedded WebApplicationContext
2025-11-11T01:13:13.010-03:00  INFO 8464 --- [ProyectoReservaDeVehiculos] [           main] w.s.c.ServletWebServerApplicationContext : Root WebApplicationContext: initialization completed in 3318 ms
2025-11-11T01:13:13.319-03:00  INFO 8464 --- [ProyectoReservaDeVehiculos] [           main] o.s.b.a.w.s.WelcomePageHandlerMapping    : Adding welcome page template: index
2025-11-11T01:13:14.090-03:00  INFO 8464 --- [ProyectoReservaDeVehiculos] [           main] o.s.b.w.embedded.tomcat.TomcatWebServer  : Tomcat started on port 8090 (http) with context path '/'
2025-11-11T01:13:14.122-03:00  INFO 8464 --- [ProyectoReservaDeVehiculos] [           main] .P.ProyectoReservaDeVehiculosApplication : Started ProyectoReservaDeVehiculosApplication in 5.95 seconds (process running for 7.307)
2025-11-11T01:13:14.472-03:00  INFO 8464 --- [ProyectoReservaDeVehiculos] [nio-8090-exec-1] o.a.c.c.C.[Tomcat].[localhost].[/]       : Initializing Spring DispatcherServlet 'dispatcherServlet'
2025-11-11T01:13:14.474-03:00  INFO 8464 --- [ProyectoReservaDeVehiculos] [nio-8090-exec-1] o.s.web.servlet.DispatcherServlet        : Initializing Servlet 'dispatcherServlet'
2025-11-11T01:13:14.476-03:00  INFO 8464 --- [ProyectoReservaDeVehiculos] [nio-8090-exec-1] o.s.web.servlet.DispatcherServlet        : Completed initialization in 1 ms
